<?xml version="1.0" encoding="UTF-8"?>
<!-- Generated by org.testng.reporters.JUnitReportReporter -->
<testsuite skipped="0" hostname="WRD-93" name="com.crm.qa.testCases.HomePageTest" tests="3" failures="0" timestamp="2020-04-23T11:01:16 IST" time="62.925" errors="0">
  <testcase name="verifyHomePageTitleTest" time="21.520" classname="com.crm.qa.testCases.HomePageTest"/>
  <testcase name="verifyUserNameTest" time="21.068" classname="com.crm.qa.testCases.HomePageTest"/>
  <testcase name="verifyContactsLink" time="20.337" classname="com.crm.qa.testCases.HomePageTest"/>
</testsuite> <!-- com.crm.qa.testCases.HomePageTest -->
