<?xml version="1.0" encoding="UTF-8"?>
<!-- Generated by org.testng.reporters.JUnitReportReporter -->
<testsuite skipped="0" hostname="WRD-93" name="com.crm.qa.testCases.ContactsPageTest" tests="5" failures="0" timestamp="2020-04-23T11:01:16 IST" time="140.587" errors="0">
  <testcase name="verifyContactsPageLabel" time="31.252" classname="com.crm.qa.testCases.ContactsPageTest"/>
  <testcase name="selectContactTest" time="27.650" classname="com.crm.qa.testCases.ContactsPageTest"/>
  <testcase name="validateCreateNewContact" time="28.807" classname="com.crm.qa.testCases.ContactsPageTest"/>
  <testcase name="validateCreateNewContact" time="31.791" classname="com.crm.qa.testCases.ContactsPageTest"/>
  <testcase name="validateCreateNewContact" time="21.087" classname="com.crm.qa.testCases.ContactsPageTest"/>
</testsuite> <!-- com.crm.qa.testCases.ContactsPageTest -->
