<?xml version="1.0" encoding="UTF-8"?>
<!-- Generated by org.testng.reporters.JUnitReportReporter -->
<testsuite skipped="0" hostname="WRD-93" name="com.crm.qa.testCases.LoginPageTest" tests="3" failures="0" timestamp="2020-04-23T11:01:16 IST" time="55.174" errors="0">
  <testcase name="loginPageTitleTest" time="13.995" classname="com.crm.qa.testCases.LoginPageTest"/>
  <testcase name="crmLogoImageTest" time="19.281" classname="com.crm.qa.testCases.LoginPageTest"/>
  <testcase name="loginTest" time="21.898" classname="com.crm.qa.testCases.LoginPageTest"/>
</testsuite> <!-- com.crm.qa.testCases.LoginPageTest -->
