<?xml version="1.0" encoding="UTF-8"?>
<!-- Generated by org.testng.reporters.JUnitReportReporter -->
<testsuite skipped="0" hostname="WRD-93" name="com.crm.qa.testCases.ContactsPageTest" tests="5" failures="0" timestamp="2020-04-23T16:13:06 IST" time="128.912" errors="0">
  <testcase name="verifyContactsPageLabel" time="23.891" classname="com.crm.qa.testCases.ContactsPageTest"/>
  <testcase name="selectContactTest" time="23.368" classname="com.crm.qa.testCases.ContactsPageTest"/>
  <testcase name="validateCreateNewContact" time="24.871" classname="com.crm.qa.testCases.ContactsPageTest"/>
  <testcase name="validateCreateNewContact" time="25.905" classname="com.crm.qa.testCases.ContactsPageTest"/>
  <testcase name="validateCreateNewContact" time="30.877" classname="com.crm.qa.testCases.ContactsPageTest"/>
</testsuite> <!-- com.crm.qa.testCases.ContactsPageTest -->
