<?xml version="1.0" encoding="UTF-8"?>
<!-- Generated by org.testng.reporters.JUnitReportReporter -->
<testsuite skipped="0" hostname="WRD-93" name="com.crm.qa.testCases.LoginPageTest" tests="3" failures="0" timestamp="2020-04-23T16:13:06 IST" time="54.864" errors="0">
  <testcase name="loginPageTitleTest" time="15.346" classname="com.crm.qa.testCases.LoginPageTest"/>
  <testcase name="crmLogoImageTest" time="15.399" classname="com.crm.qa.testCases.LoginPageTest"/>
  <testcase name="loginTest" time="24.119" classname="com.crm.qa.testCases.LoginPageTest"/>
</testsuite> <!-- com.crm.qa.testCases.LoginPageTest -->
