<?xml version="1.0" encoding="UTF-8"?>
<!-- Generated by org.testng.reporters.JUnitReportReporter -->
<testsuite skipped="0" hostname="WRD-93" name="com.crm.qa.testCases.HomePageTest" tests="3" failures="0" timestamp="2020-04-23T16:13:06 IST" time="77.085" errors="0">
  <testcase name="verifyHomePageTitleTest" time="29.694" classname="com.crm.qa.testCases.HomePageTest"/>
  <testcase name="verifyUserNameTest" time="24.339" classname="com.crm.qa.testCases.HomePageTest"/>
  <testcase name="verifyContactsLink" time="23.052" classname="com.crm.qa.testCases.HomePageTest"/>
</testsuite> <!-- com.crm.qa.testCases.HomePageTest -->
